<?xml version="1.0" encoding="UTF-8"?>
<beans xmlns="http://www.springframework.org/schema/beans"
       xmlns:xsi="http://www.w3.org/2001/XMLSchema-instance"
       xmlns:int="http://www.springframework.org/schema/integration"
       xmlns:int-jms="http://www.springframework.org/schema/integration/jms"
       xsi:schemaLocation="http://www.springframework.org/schema/beans
  http://www.springframework.org/schema/beans/spring-beans-4.2.xsd
  http://www.springframework.org/schema/integration http://www.springframework.org/schema/integration/spring-integration.xsd
  http://www.springframework.org/schema/integration/jms
  http://www.springframework.org/schema/integration/jms/spring-integration-jms.xsd" >

    <!-- Message listener on ActiveMQ.DLQ in VM memory -->
    <bean id="activeMQListenerContainer"
          class="org.springframework.jms.listener.DefaultMessageListenerContainer">
        <property name="connectionFactory" ref="connectionFactory" />
        <property name="destinationName" value="ActiveMQ.DLQ" />
        <property name="maxConcurrentConsumers" value="1" />
        <property name="concurrentConsumers" value="1" />
        <property name="autoStartup" value="true" />
    </bean>

    <!-- Setup Input channel to receive failed messages-->
    <int:channel id="activeMQDLQXml">
        <int:queue capacity="1" />
    </int:channel>

    <!-- Adapter listening on JMS queue to check for failed messages -->
    <int-jms:message-driven-channel-adapter
            id="jmsDLQIn" container="activeMQListenerContainer" channel="activeMQDLQXml"/>

    <bean id="actionInstructionJMSQueue" class="org.apache.activemq.command.ActiveMQQueue">
        <constructor-arg value="Action.Notify"/>
    </bean>

    <int:channel id="testOutbound" />

    <int-jms:outbound-channel-adapter id="jmsout" channel="testOutbound" destination="actionInstructionJMSQueue"/>

    <!-- ServiceActivator(inputChannel = "actionInstructionTransformed")  -->
    <bean id="actionInstructionReceiver" class="uk.gov.ons.ctp.response.notify.message.impl.ActionInstructionReceiverImpl"/>
    <int:service-activator input-channel="actionInstructionTransformed" ref="actionInstructionReceiver"/>

    <bean id="actionInstructionPublisher" class="org.mockito.Mockito" factory-method="mock">
        <constructor-arg value="uk.gov.ons.ctp.response.notify.message.impl.ActionInstructionPublisherImpl"/>
    </bean>

    <bean id="actionFeedbackPublisher" class="org.mockito.Mockito" factory-method="mock">
        <constructor-arg value="uk.gov.ons.ctp.response.notify.message.impl.ActionFeedbackPublisherImpl"/>
    </bean>

    <bean id="notificationClient" class="org.mockito.Mockito" factory-method="mock">
        <constructor-arg value="uk.gov.service.notify.NotificationClient"/>
    </bean>

    <bean id="notifyService" class="org.mockito.Mockito" factory-method="mock">
        <constructor-arg value="uk.gov.ons.ctp.response.notify.service.impl.NotifyServiceImpl"/>
    </bean>
</beans>

